<?xml version="1.0" encoding="UTF-8"?>
<!-- Generated by org.testng.reporters.JUnitReportReporter -->
<testsuite skipped="0" hostname="DESKTOP-1A19N4L" name="com.pwc.qa.testcases.DataPageTest" tests="1" failures="0" timestamp="06 Aug 2018 10:27:09 GMT" time="14.566" errors="0">
  <testcase name="validateUploadDataTest" time="14.566" classname="com.pwc.qa.testcases.DataPageTest"/>
</testsuite> <!-- com.pwc.qa.testcases.DataPageTest -->
