<?xml version="1.0" encoding="UTF-8"?>
<!-- Generated by org.testng.reporters.JUnitReportReporter -->
<testsuite skipped="0" hostname="DESKTOP-1A19N4L" name="com.pwc.qa.testcases.LoginPageTest" tests="3" failures="0" timestamp="05 Aug 2018 14:11:43 GMT" time="20.836" errors="0">
  <testcase name="loginPageTitleTest" time="5.549" classname="com.pwc.qa.testcases.LoginPageTest"/>
  <testcase name="pwcLogoImageTest" time="6.868" classname="com.pwc.qa.testcases.LoginPageTest"/>
  <testcase name="loginTest" time="8.419" classname="com.pwc.qa.testcases.LoginPageTest"/>
</testsuite> <!-- com.pwc.qa.testcases.LoginPageTest -->
