<?xml version="1.0" encoding="UTF-8"?>
<!-- Generated by org.testng.reporters.JUnitReportReporter -->
<testsuite skipped="0" hostname="DESKTOP-1A19N4L" name="com.pwc.qa.testcases.AdminPageTest" tests="4" failures="0" timestamp="07 Aug 2018 12:39:00 GMT" time="99.561" errors="0">
  <testcase name="validateAddCompanyTest" time="22.277" classname="com.pwc.qa.testcases.AdminPageTest"/>
  <testcase name="validateAddCompanyTest" time="22.030" classname="com.pwc.qa.testcases.AdminPageTest"/>
  <testcase name="validateAddCompanyTest" time="30.810" classname="com.pwc.qa.testcases.AdminPageTest"/>
  <testcase name="validateAddCompanyTest" time="24.444" classname="com.pwc.qa.testcases.AdminPageTest"/>
</testsuite> <!-- com.pwc.qa.testcases.AdminPageTest -->
