<?xml version="1.0" encoding="UTF-8"?>
<!-- Generated by org.testng.reporters.JUnitReportReporter -->
<testsuite skipped="0" hostname="DESKTOP-1A19N4L" name="com.pwc.qa.testcases.HomePageTest" tests="7" failures="0" timestamp="05 Aug 2018 14:11:43 GMT" time="58.409" errors="0">
  <testcase name="verifyHomePageTitleTest" time="9.110" classname="com.pwc.qa.testcases.HomePageTest"/>
  <testcase name="verifyUserNameTest" time="7.820" classname="com.pwc.qa.testcases.HomePageTest"/>
  <testcase name="verifyEWBLinkTest" time="8.625" classname="com.pwc.qa.testcases.HomePageTest"/>
  <testcase name="verifyDataLinkTest" time="8.414" classname="com.pwc.qa.testcases.HomePageTest"/>
  <testcase name="verifyReportLinkTest" time="8.447" classname="com.pwc.qa.testcases.HomePageTest"/>
  <testcase name="verifyDashboardLinkTest" time="8.369" classname="com.pwc.qa.testcases.HomePageTest"/>
  <testcase name="verifyAdminLinkTest" time="7.624" classname="com.pwc.qa.testcases.HomePageTest"/>
</testsuite> <!-- com.pwc.qa.testcases.HomePageTest -->
